<?xml version="1.0" encoding="UTF-8"?>
<!-- Generated by org.testng.reporters.JUnitReportReporter -->
<testsuite hostname="DESKTOP-UCOHM4L" failures="0" tests="6" name="MyTestCases" time="2.219" errors="0" timestamp="2025-01-06T22:13:02 EET" skipped="5">
  <testcase classname="MyTestCases" name="Switch_Window" time="2.219"/>
  <system-out/>
  <testcase classname="MyTestCases" name="Switch_To_Alert_Example">
    <skipped/>
  </testcase> <!-- Switch_To_Alert_Example -->
  <system-out/>
  <testcase classname="MyTestCases" name="Radio_Button_Test">
    <skipped/>
  </testcase> <!-- Radio_Button_Test -->
  <system-out/>
  <testcase classname="MyTestCases" name="Checkbox_Test">
    <skipped/>
  </testcase> <!-- Checkbox_Test -->
  <system-out/>
  <testcase classname="MyTestCases" name="Static_Dropdown_Test">
    <skipped/>
  </testcase> <!-- Static_Dropdown_Test -->
  <system-out/>
  <testcase classname="MyTestCases" name="Dynamic_Dropdown_Test">
    <skipped/>
  </testcase> <!-- Dynamic_Dropdown_Test -->
  <system-out/>
</testsuite> <!-- MyTestCases -->
